The target system is: iOS - 13.5 - aarch64
The host system is: Darwin - 19.4.0 - x86_64
Compiling the C compiler identification source file "CMakeCCompilerId.c" succeeded.
Compiler: /Applications/Xcode.app/Contents/Developer/Toolchains/XcodeDefault.xctoolchain/usr/bin/clang 
Build flags: 
Id flags:  

The output was:
0
Command line invocation:
    /Applications/Xcode.app/Contents/Developer/usr/bin/xcodebuild

note: Using new build system
note: Planning build
note: Constructing build description
warning: Traditional headermap style is no longer supported; please migrate to using separate headermaps and set 'ALWAYS_SEARCH_USER_PATHS' to NO. (in target 'CompilerIdC' from project 'CompilerIdC')
CreateBuildDirectory /Users/russel/Documents/Projects/Soramitsu/parity/libraries/ed25519-build/ed25519/build/CMakeFiles/3.15.4/CompilerIdC (in target 'CompilerIdC' from project 'CompilerIdC')
    cd /Users/russel/Documents/Projects/Soramitsu/parity/libraries/ed25519-build/ed25519/build/CMakeFiles/3.15.4/CompilerIdC
    builtin-create-build-directory /Users/russel/Documents/Projects/Soramitsu/parity/libraries/ed25519-build/ed25519/build/CMakeFiles/3.15.4/CompilerIdC

MkDir /Users/russel/Documents/Projects/Soramitsu/parity/libraries/ed25519-build/ed25519/build/CMakeFiles/3.15.4/CompilerIdC/CompilerIdC.xctest (in target 'CompilerIdC' from project 'CompilerIdC')
    cd /Users/russel/Documents/Projects/Soramitsu/parity/libraries/ed25519-build/ed25519/build/CMakeFiles/3.15.4/CompilerIdC
    /bin/mkdir -p /Users/russel/Documents/Projects/Soramitsu/parity/libraries/ed25519-build/ed25519/build/CMakeFiles/3.15.4/CompilerIdC/CompilerIdC.xctest

WriteAuxiliaryFile /Users/russel/Documents/Projects/Soramitsu/parity/libraries/ed25519-build/ed25519/build/CMakeFiles/3.15.4/CompilerIdC/CompilerIdC.build/Debug-iphoneos/CompilerIdC.build/CompilerIdC-own-target-headers.hmap (in target 'CompilerIdC' from project 'CompilerIdC')
    cd /Users/russel/Documents/Projects/Soramitsu/parity/libraries/ed25519-build/ed25519/build/CMakeFiles/3.15.4/CompilerIdC
    write-file /Users/russel/Documents/Projects/Soramitsu/parity/libraries/ed25519-build/ed25519/build/CMakeFiles/3.15.4/CompilerIdC/CompilerIdC.build/Debug-iphoneos/CompilerIdC.build/CompilerIdC-own-target-headers.hmap

WriteAuxiliaryFile /Users/russel/Documents/Projects/Soramitsu/parity/libraries/ed25519-build/ed25519/build/CMakeFiles/3.15.4/CompilerIdC/CompilerIdC.build/Debug-iphoneos/CompilerIdC.build/CompilerIdC-project-headers.hmap (in target 'CompilerIdC' from project 'CompilerIdC')
    cd /Users/russel/Documents/Projects/Soramitsu/parity/libraries/ed25519-build/ed25519/build/CMakeFiles/3.15.4/CompilerIdC
    write-file /Users/russel/Documents/Projects/Soramitsu/parity/libraries/ed25519-build/ed25519/build/CMakeFiles/3.15.4/CompilerIdC/CompilerIdC.build/Debug-iphoneos/CompilerIdC.build/CompilerIdC-project-headers.hmap

WriteAuxiliaryFile /Users/russel/Documents/Projects/Soramitsu/parity/libraries/ed25519-build/ed25519/build/CMakeFiles/3.15.4/CompilerIdC/CompilerIdC.build/Debug-iphoneos/CompilerIdC.build/all-product-headers.yaml (in target 'CompilerIdC' from project 'CompilerIdC')
    cd /Users/russel/Documents/Projects/Soramitsu/parity/libraries/ed25519-build/ed25519/build/CMakeFiles/3.15.4/CompilerIdC
    write-file /Users/russel/Documents/Projects/Soramitsu/parity/libraries/ed25519-build/ed25519/build/CMakeFiles/3.15.4/CompilerIdC/CompilerIdC.build/Debug-iphoneos/CompilerIdC.build/all-product-headers.yaml

WriteAuxiliaryFile /Users/russel/Documents/Projects/Soramitsu/parity/libraries/ed25519-build/ed25519/build/CMakeFiles/3.15.4/CompilerIdC/CompilerIdC.build/Debug-iphoneos/CompilerIdC.build/CompilerIdC-all-non-framework-target-headers.hmap (in target 'CompilerIdC' from project 'CompilerIdC')
    cd /Users/russel/Documents/Projects/Soramitsu/parity/libraries/ed25519-build/ed25519/build/CMakeFiles/3.15.4/CompilerIdC
    write-file /Users/russel/Documents/Projects/Soramitsu/parity/libraries/ed25519-build/ed25519/build/CMakeFiles/3.15.4/CompilerIdC/CompilerIdC.build/Debug-iphoneos/CompilerIdC.build/CompilerIdC-all-non-framework-target-headers.hmap

WriteAuxiliaryFile /Users/russel/Documents/Projects/Soramitsu/parity/libraries/ed25519-build/ed25519/build/CMakeFiles/3.15.4/CompilerIdC/CompilerIdC.build/Debug-iphoneos/CompilerIdC.build/CompilerIdC-all-target-headers.hmap (in target 'CompilerIdC' from project 'CompilerIdC')
    cd /Users/russel/Documents/Projects/Soramitsu/parity/libraries/ed25519-build/ed25519/build/CMakeFiles/3.15.4/CompilerIdC
    write-file /Users/russel/Documents/Projects/Soramitsu/parity/libraries/ed25519-build/ed25519/build/CMakeFiles/3.15.4/CompilerIdC/CompilerIdC.build/Debug-iphoneos/CompilerIdC.build/CompilerIdC-all-target-headers.hmap

WriteAuxiliaryFile /Users/russel/Documents/Projects/Soramitsu/parity/libraries/ed25519-build/ed25519/build/CMakeFiles/3.15.4/CompilerIdC/CompilerIdC.build/Debug-iphoneos/CompilerIdC.build/CompilerIdC-generated-files.hmap (in target 'CompilerIdC' from project 'CompilerIdC')
    cd /Users/russel/Documents/Projects/Soramitsu/parity/libraries/ed25519-build/ed25519/build/CMakeFiles/3.15.4/CompilerIdC
    write-file /Users/russel/Documents/Projects/Soramitsu/parity/libraries/ed25519-build/ed25519/build/CMakeFiles/3.15.4/CompilerIdC/CompilerIdC.build/Debug-iphoneos/CompilerIdC.build/CompilerIdC-generated-files.hmap

WriteAuxiliaryFile /Users/russel/Documents/Projects/Soramitsu/parity/libraries/ed25519-build/ed25519/build/CMakeFiles/3.15.4/CompilerIdC/CompilerIdC.build/Debug-iphoneos/CompilerIdC.build/CompilerIdC.hmap (in target 'CompilerIdC' from project 'CompilerIdC')
    cd /Users/russel/Documents/Projects/Soramitsu/parity/libraries/ed25519-build/ed25519/build/CMakeFiles/3.15.4/CompilerIdC
    write-file /Users/russel/Documents/Projects/Soramitsu/parity/libraries/ed25519-build/ed25519/build/CMakeFiles/3.15.4/CompilerIdC/CompilerIdC.build/Debug-iphoneos/CompilerIdC.build/CompilerIdC.hmap

WriteAuxiliaryFile /Users/russel/Documents/Projects/Soramitsu/parity/libraries/ed25519-build/ed25519/build/CMakeFiles/3.15.4/CompilerIdC/CompilerIdC.build/Debug-iphoneos/CompilerIdC.build/Objects-normal/arm64/CompilerIdC.LinkFileList (in target 'CompilerIdC' from project 'CompilerIdC')
    cd /Users/russel/Documents/Projects/Soramitsu/parity/libraries/ed25519-build/ed25519/build/CMakeFiles/3.15.4/CompilerIdC
    write-file /Users/russel/Documents/Projects/Soramitsu/parity/libraries/ed25519-build/ed25519/build/CMakeFiles/3.15.4/CompilerIdC/CompilerIdC.build/Debug-iphoneos/CompilerIdC.build/Objects-normal/arm64/CompilerIdC.LinkFileList

CompileC /Users/russel/Documents/Projects/Soramitsu/parity/libraries/ed25519-build/ed25519/build/CMakeFiles/3.15.4/CompilerIdC/CompilerIdC.build/Debug-iphoneos/CompilerIdC.build/Objects-normal/arm64/CMakeCCompilerId.o /Users/russel/Documents/Projects/Soramitsu/parity/libraries/ed25519-build/ed25519/build/CMakeFiles/3.15.4/CompilerIdC/CMakeCCompilerId.c normal arm64 c com.apple.compilers.llvm.clang.1_0.compiler (in target 'CompilerIdC' from project 'CompilerIdC')
    cd /Users/russel/Documents/Projects/Soramitsu/parity/libraries/ed25519-build/ed25519/build/CMakeFiles/3.15.4/CompilerIdC
    export LANG=en_US.US-ASCII
    /Applications/Xcode.app/Contents/Developer/Toolchains/XcodeDefault.xctoolchain/usr/bin/clang -x c -target arm64-apple-ios13.5 -fmessage-length=0 -fdiagnostics-show-note-include-stack -fmacro-backtrace-limit=0 -Wno-trigraphs -fpascal-strings -Os -Wno-missing-field-initializers -Wno-missing-prototypes -Wno-return-type -Wno-missing-braces -Wparentheses -Wswitch -Wno-unused-function -Wno-unused-label -Wno-unused-parameter -Wno-unused-variable -Wunused-value -Wno-empty-body -Wno-uninitialized -Wno-unknown-pragmas -Wno-shadow -Wno-four-char-constants -Wno-conversion -Wno-constant-conversion -Wno-int-conversion -Wno-bool-conversion -Wno-enum-conversion -Wno-float-conversion -Wno-non-literal-null-conversion -Wno-objc-literal-conversion -Wshorten-64-to-32 -Wpointer-sign -Wno-newline-eof -isysroot /Applications/Xcode.app/Contents/Developer/Platforms/iPhoneOS.platform/Developer/SDKs/iPhoneOS13.5.sdk -fstrict-aliasing -Wdeprecated-declarations -g -Wno-sign-conversion -Wno-infinite-recursion -Wno-comma -Wno-block-capture-autoreleasing -Wno-strict-prototypes -Wno-semicolon-before-method-body -iquote /Users/russel/Documents/Projects/Soramitsu/parity/libraries/ed25519-build/ed25519/build/CMakeFiles/3.15.4/CompilerIdC/CompilerIdC.build/Debug-iphoneos/CompilerIdC.build/CompilerIdC-generated-files.hmap -I/Users/russel/Documents/Projects/Soramitsu/parity/libraries/ed25519-build/ed25519/build/CMakeFiles/3.15.4/CompilerIdC/CompilerIdC.build/Debug-iphoneos/CompilerIdC.build/CompilerIdC-own-target-headers.hmap -I/Users/russel/Documents/Projects/Soramitsu/parity/libraries/ed25519-build/ed25519/build/CMakeFiles/3.15.4/CompilerIdC/CompilerIdC.build/Debug-iphoneos/CompilerIdC.build/CompilerIdC-all-target-headers.hmap -iquote /Users/russel/Documents/Projects/Soramitsu/parity/libraries/ed25519-build/ed25519/build/CMakeFiles/3.15.4/CompilerIdC/CompilerIdC.build/Debug-iphoneos/CompilerIdC.build/CompilerIdC-project-headers.hmap -I/Users/russel/Documents/Projects/Soramitsu/parity/libraries/ed25519-build/ed25519/build/CMakeFiles/3.15.4/CompilerIdC/include -I/Users/russel/Documents/Projects/Soramitsu/parity/libraries/ed25519-build/ed25519/build/CMakeFiles/3.15.4/CompilerIdC/CompilerIdC.build/Debug-iphoneos/CompilerIdC.build/DerivedSources-normal/arm64 -I/Users/russel/Documents/Projects/Soramitsu/parity/libraries/ed25519-build/ed25519/build/CMakeFiles/3.15.4/CompilerIdC/CompilerIdC.build/Debug-iphoneos/CompilerIdC.build/DerivedSources/arm64 -I/Users/russel/Documents/Projects/Soramitsu/parity/libraries/ed25519-build/ed25519/build/CMakeFiles/3.15.4/CompilerIdC/CompilerIdC.build/Debug-iphoneos/CompilerIdC.build/DerivedSources -F/Users/russel/Documents/Projects/Soramitsu/parity/libraries/ed25519-build/ed25519/build/CMakeFiles/3.15.4/CompilerIdC -iframework /Applications/Xcode.app/Contents/Developer/Platforms/iPhoneOS.platform/Developer/Library/Frameworks -MMD -MT dependencies -MF /Users/russel/Documents/Projects/Soramitsu/parity/libraries/ed25519-build/ed25519/build/CMakeFiles/3.15.4/CompilerIdC/CompilerIdC.build/Debug-iphoneos/CompilerIdC.build/Objects-normal/arm64/CMakeCCompilerId.d --serialize-diagnostics /Users/russel/Documents/Projects/Soramitsu/parity/libraries/ed25519-build/ed25519/build/CMakeFiles/3.15.4/CompilerIdC/CompilerIdC.build/Debug-iphoneos/CompilerIdC.build/Objects-normal/arm64/CMakeCCompilerId.dia -c /Users/russel/Documents/Projects/Soramitsu/parity/libraries/ed25519-build/ed25519/build/CMakeFiles/3.15.4/CompilerIdC/CMakeCCompilerId.c -o /Users/russel/Documents/Projects/Soramitsu/parity/libraries/ed25519-build/ed25519/build/CMakeFiles/3.15.4/CompilerIdC/CompilerIdC.build/Debug-iphoneos/CompilerIdC.build/Objects-normal/arm64/CMakeCCompilerId.o

Ld /Users/russel/Documents/Projects/Soramitsu/parity/libraries/ed25519-build/ed25519/build/CMakeFiles/3.15.4/CompilerIdC/CompilerIdC.xctest/CompilerIdC normal arm64 (in target 'CompilerIdC' from project 'CompilerIdC')
    cd /Users/russel/Documents/Projects/Soramitsu/parity/libraries/ed25519-build/ed25519/build/CMakeFiles/3.15.4/CompilerIdC
    /Applications/Xcode.app/Contents/Developer/Toolchains/XcodeDefault.xctoolchain/usr/bin/clang -target arm64-apple-ios13.5 -bundle -isysroot /Applications/Xcode.app/Contents/Developer/Platforms/iPhoneOS.platform/Developer/SDKs/iPhoneOS13.5.sdk -L/Users/russel/Documents/Projects/Soramitsu/parity/libraries/ed25519-build/ed25519/build/CMakeFiles/3.15.4/CompilerIdC -L/Applications/Xcode.app/Contents/Developer/Platforms/iPhoneOS.platform/Developer/usr/lib -F/Users/russel/Documents/Projects/Soramitsu/parity/libraries/ed25519-build/ed25519/build/CMakeFiles/3.15.4/CompilerIdC -iframework /Applications/Xcode.app/Contents/Developer/Platforms/iPhoneOS.platform/Developer/Library/Frameworks -L/Applications/Xcode.app/Contents/Developer/Platforms/iPhoneOS.platform/Developer/usr/lib -F/Applications/Xcode.app/Contents/Developer/Platforms/iPhoneOS.platform/Developer/Library/Frameworks -filelist /Users/russel/Documents/Projects/Soramitsu/parity/libraries/ed25519-build/ed25519/build/CMakeFiles/3.15.4/CompilerIdC/CompilerIdC.build/Debug-iphoneos/CompilerIdC.build/Objects-normal/arm64/CompilerIdC.LinkFileList -dead_strip -Xlinker -object_path_lto -Xlinker /Users/russel/Documents/Projects/Soramitsu/parity/libraries/ed25519-build/ed25519/build/CMakeFiles/3.15.4/CompilerIdC/CompilerIdC.build/Debug-iphoneos/CompilerIdC.build/Objects-normal/arm64/CompilerIdC_lto.o -framework XCTest -Xlinker -dependency_info -Xlinker /Users/russel/Documents/Projects/Soramitsu/parity/libraries/ed25519-build/ed25519/build/CMakeFiles/3.15.4/CompilerIdC/CompilerIdC.build/Debug-iphoneos/CompilerIdC.build/Objects-normal/arm64/CompilerIdC_dependency_info.dat -o /Users/russel/Documents/Projects/Soramitsu/parity/libraries/ed25519-build/ed25519/build/CMakeFiles/3.15.4/CompilerIdC/CompilerIdC.xctest/CompilerIdC

WriteAuxiliaryFile /Users/russel/Documents/Projects/Soramitsu/parity/libraries/ed25519-build/ed25519/build/CMakeFiles/3.15.4/CompilerIdC/CompilerIdC.build/Debug-iphoneos/CompilerIdC.build/Script-2C8FEB8E15DC1A1A00E56A5D.sh (in target 'CompilerIdC' from project 'CompilerIdC')
    cd /Users/russel/Documents/Projects/Soramitsu/parity/libraries/ed25519-build/ed25519/build/CMakeFiles/3.15.4/CompilerIdC
    write-file /Users/russel/Documents/Projects/Soramitsu/parity/libraries/ed25519-build/ed25519/build/CMakeFiles/3.15.4/CompilerIdC/CompilerIdC.build/Debug-iphoneos/CompilerIdC.build/Script-2C8FEB8E15DC1A1A00E56A5D.sh

GenerateDSYMFile /Users/russel/Documents/Projects/Soramitsu/parity/libraries/ed25519-build/ed25519/build/CMakeFiles/3.15.4/CompilerIdC/CompilerIdC.xctest.dSYM /Users/russel/Documents/Projects/Soramitsu/parity/libraries/ed25519-build/ed25519/build/CMakeFiles/3.15.4/CompilerIdC/CompilerIdC.xctest/CompilerIdC (in target 'CompilerIdC' from project 'CompilerIdC')
    cd /Users/russel/Documents/Projects/Soramitsu/parity/libraries/ed25519-build/ed25519/build/CMakeFiles/3.15.4/CompilerIdC
    /Applications/Xcode.app/Contents/Developer/Toolchains/XcodeDefault.xctoolchain/usr/bin/dsymutil /Users/russel/Documents/Projects/Soramitsu/parity/libraries/ed25519-build/ed25519/build/CMakeFiles/3.15.4/CompilerIdC/CompilerIdC.xctest/CompilerIdC -o /Users/russel/Documents/Projects/Soramitsu/parity/libraries/ed25519-build/ed25519/build/CMakeFiles/3.15.4/CompilerIdC/CompilerIdC.xctest.dSYM

PhaseScriptExecution Run\ Script /Users/russel/Documents/Projects/Soramitsu/parity/libraries/ed25519-build/ed25519/build/CMakeFiles/3.15.4/CompilerIdC/CompilerIdC.build/Debug-iphoneos/CompilerIdC.build/Script-2C8FEB8E15DC1A1A00E56A5D.sh (in target 'CompilerIdC' from project 'CompilerIdC')
    cd /Users/russel/Documents/Projects/Soramitsu/parity/libraries/ed25519-build/ed25519/build/CMakeFiles/3.15.4/CompilerIdC
    /bin/sh -c /Users/russel/Documents/Projects/Soramitsu/parity/libraries/ed25519-build/ed25519/build/CMakeFiles/3.15.4/CompilerIdC/CompilerIdC.build/Debug-iphoneos/CompilerIdC.build/Script-2C8FEB8E15DC1A1A00E56A5D.sh
GCC_VERSION=com.apple.compilers.llvm.clang.1_0
ARCHS=arm64

RegisterExecutionPolicyException /Users/russel/Documents/Projects/Soramitsu/parity/libraries/ed25519-build/ed25519/build/CMakeFiles/3.15.4/CompilerIdC/CompilerIdC.xctest (in target 'CompilerIdC' from project 'CompilerIdC')
    cd /Users/russel/Documents/Projects/Soramitsu/parity/libraries/ed25519-build/ed25519/build/CMakeFiles/3.15.4/CompilerIdC
    builtin-RegisterExecutionPolicyException /Users/russel/Documents/Projects/Soramitsu/parity/libraries/ed25519-build/ed25519/build/CMakeFiles/3.15.4/CompilerIdC/CompilerIdC.xctest
note: Execution policy exception registration failed and was skipped: Error Domain=NSPOSIXErrorDomain Code=1 "Operation not permitted" (in target 'CompilerIdC' from project 'CompilerIdC')

Touch /Users/russel/Documents/Projects/Soramitsu/parity/libraries/ed25519-build/ed25519/build/CMakeFiles/3.15.4/CompilerIdC/CompilerIdC.xctest (in target 'CompilerIdC' from project 'CompilerIdC')
    cd /Users/russel/Documents/Projects/Soramitsu/parity/libraries/ed25519-build/ed25519/build/CMakeFiles/3.15.4/CompilerIdC
    /usr/bin/touch -c /Users/russel/Documents/Projects/Soramitsu/parity/libraries/ed25519-build/ed25519/build/CMakeFiles/3.15.4/CompilerIdC/CompilerIdC.xctest

** BUILD SUCCEEDED **



Compilation of the C compiler identification source "CMakeCCompilerId.c" produced "CompilerIdC.xctest/CompilerIdC"

The C compiler identification is AppleClang, found in "/Users/russel/Documents/Projects/Soramitsu/parity/libraries/ed25519-build/ed25519/build/CMakeFiles/3.15.4/CompilerIdC/CompilerIdC.xctest/CompilerIdC"

Determining if the C compiler works passed with the following output:
Change Dir: /Users/russel/Documents/Projects/Soramitsu/parity/libraries/ed25519-build/ed25519/build/CMakeFiles/CMakeTmp

Run Build Command(s):/usr/bin/xcodebuild -project CMAKE_TRY_COMPILE.xcodeproj build -target cmTC_2b051 -configuration Debug -hideShellScriptEnvironment && Command line invocation:
    /Applications/Xcode.app/Contents/Developer/usr/bin/xcodebuild -project CMAKE_TRY_COMPILE.xcodeproj build -target cmTC_2b051 -configuration Debug -hideShellScriptEnvironment

User defaults from command line:
    HideShellScriptEnvironment = YES

Prepare build
note: Using legacy build system
=== BUILD TARGET cmTC_2b051 OF PROJECT CMAKE_TRY_COMPILE WITH CONFIGURATION Debug ===

Check dependencies

Write auxiliary files
/bin/mkdir -p /Users/russel/Documents/Projects/Soramitsu/parity/libraries/ed25519-build/ed25519/build/CMakeFiles/CMakeTmp/CMAKE_TRY_COMPILE.build/Debug-iphoneos/cmTC_2b051.build/Objects-normal/arm64
write-file /Users/russel/Documents/Projects/Soramitsu/parity/libraries/ed25519-build/ed25519/build/CMakeFiles/CMakeTmp/CMAKE_TRY_COMPILE.build/Debug-iphoneos/cmTC_2b051.build/Objects-normal/arm64/cmTC_2b051.LinkFileList

CompileC CMAKE_TRY_COMPILE.build/Debug-iphoneos/cmTC_2b051.build/Objects-normal/arm64/testCCompiler.o testCCompiler.c normal arm64 c com.apple.compilers.llvm.clang.1_0.compiler
    cd /Users/russel/Documents/Projects/Soramitsu/parity/libraries/ed25519-build/ed25519/build/CMakeFiles/CMakeTmp
    /Applications/Xcode.app/Contents/Developer/Toolchains/XcodeDefault.xctoolchain/usr/bin/clang -x c -target arm64-apple-ios9.0 -fmessage-length=0 -fdiagnostics-show-note-include-stack -fmacro-backtrace-limit=0 -Wno-trigraphs -fpascal-strings -O0 -Wno-missing-field-initializers -Wno-missing-prototypes -Wno-return-type -Wno-missing-braces -Wparentheses -Wswitch -Wno-unused-function -Wno-unused-label -Wno-unused-parameter -Wno-unused-variable -Wunused-value -Wno-empty-body -Wno-uninitialized -Wno-unknown-pragmas -Wno-shadow -Wno-four-char-constants -Wno-conversion -Wno-constant-conversion -Wno-int-conversion -Wno-bool-conversion -Wno-enum-conversion -Wno-float-conversion -Wno-non-literal-null-conversion -Wno-objc-literal-conversion -Wshorten-64-to-32 -Wpointer-sign -Wno-newline-eof -DCMAKE_INTDIR=\"Debug-iphoneos\" -isysroot /Applications/Xcode.app/Contents/Developer/Platforms/iPhoneOS.platform/Developer/SDKs/iPhoneOS13.5.sdk -fstrict-aliasing -Wdeprecated-declarations -g -Wno-sign-conversion -Wno-infinite-recursion -Wno-comma -Wno-block-capture-autoreleasing -Wno-strict-prototypes -Wno-semicolon-before-method-body -fembed-bitcode -I/Users/russel/Documents/Projects/Soramitsu/parity/libraries/ed25519-build/ed25519/build/CMakeFiles/CMakeTmp/Debug/include -I/Users/russel/Documents/Projects/Soramitsu/parity/libraries/ed25519-build/ed25519/build/CMakeFiles/CMakeTmp/CMAKE_TRY_COMPILE.build/Debug-iphoneos/cmTC_2b051.build/DerivedSources-normal/arm64 -I/Users/russel/Documents/Projects/Soramitsu/parity/libraries/ed25519-build/ed25519/build/CMakeFiles/CMakeTmp/CMAKE_TRY_COMPILE.build/Debug-iphoneos/cmTC_2b051.build/DerivedSources/arm64 -I/Users/russel/Documents/Projects/Soramitsu/parity/libraries/ed25519-build/ed25519/build/CMakeFiles/CMakeTmp/CMAKE_TRY_COMPILE.build/Debug-iphoneos/cmTC_2b051.build/DerivedSources -Wmost -Wno-four-char-constants -Wno-unknown-pragmas -F/Users/russel/Documents/Projects/Soramitsu/parity/libraries/ed25519-build/ed25519/build/CMakeFiles/CMakeTmp/Debug -MMD -MT dependencies -MF /Users/russel/Documents/Projects/Soramitsu/parity/libraries/ed25519-build/ed25519/build/CMakeFiles/CMakeTmp/CMAKE_TRY_COMPILE.build/Debug-iphoneos/cmTC_2b051.build/Objects-normal/arm64/testCCompiler.d --serialize-diagnostics /Users/russel/Documents/Projects/Soramitsu/parity/libraries/ed25519-build/ed25519/build/CMakeFiles/CMakeTmp/CMAKE_TRY_COMPILE.build/Debug-iphoneos/cmTC_2b051.build/Objects-normal/arm64/testCCompiler.dia -c /Users/russel/Documents/Projects/Soramitsu/parity/libraries/ed25519-build/ed25519/build/CMakeFiles/CMakeTmp/testCCompiler.c -o /Users/russel/Documents/Projects/Soramitsu/parity/libraries/ed25519-build/ed25519/build/CMakeFiles/CMakeTmp/CMAKE_TRY_COMPILE.build/Debug-iphoneos/cmTC_2b051.build/Objects-normal/arm64/testCCompiler.o

Libtool Debug/libcmTC_2b051.a normal arm64
    cd /Users/russel/Documents/Projects/Soramitsu/parity/libraries/ed25519-build/ed25519/build/CMakeFiles/CMakeTmp
    /Applications/Xcode.app/Contents/Developer/Toolchains/XcodeDefault.xctoolchain/usr/bin/libtool -static -arch_only arm64 -D -syslibroot /Applications/Xcode.app/Contents/Developer/Platforms/iPhoneOS.platform/Developer/SDKs/iPhoneOS13.5.sdk -L/Users/russel/Documents/Projects/Soramitsu/parity/libraries/ed25519-build/ed25519/build/CMakeFiles/CMakeTmp/Debug -filelist /Users/russel/Documents/Projects/Soramitsu/parity/libraries/ed25519-build/ed25519/build/CMakeFiles/CMakeTmp/CMAKE_TRY_COMPILE.build/Debug-iphoneos/cmTC_2b051.build/Objects-normal/arm64/cmTC_2b051.LinkFileList -o /Users/russel/Documents/Projects/Soramitsu/parity/libraries/ed25519-build/ed25519/build/CMakeFiles/CMakeTmp/Debug/libcmTC_2b051.a

** BUILD SUCCEEDED **




Detecting C compiler ABI info compiled with the following output:
Change Dir: /Users/russel/Documents/Projects/Soramitsu/parity/libraries/ed25519-build/ed25519/build/CMakeFiles/CMakeTmp

Run Build Command(s):/usr/bin/xcodebuild -project CMAKE_TRY_COMPILE.xcodeproj build -target cmTC_7668e -configuration Debug -hideShellScriptEnvironment && Command line invocation:
    /Applications/Xcode.app/Contents/Developer/usr/bin/xcodebuild -project CMAKE_TRY_COMPILE.xcodeproj build -target cmTC_7668e -configuration Debug -hideShellScriptEnvironment

User defaults from command line:
    HideShellScriptEnvironment = YES

Prepare build
note: Using legacy build system
=== BUILD TARGET cmTC_7668e OF PROJECT CMAKE_TRY_COMPILE WITH CONFIGURATION Debug ===

Check dependencies

Write auxiliary files
/bin/mkdir -p /Users/russel/Documents/Projects/Soramitsu/parity/libraries/ed25519-build/ed25519/build/CMakeFiles/CMakeTmp/CMAKE_TRY_COMPILE.build/Debug-iphoneos/cmTC_7668e.build/Objects-normal/arm64
write-file /Users/russel/Documents/Projects/Soramitsu/parity/libraries/ed25519-build/ed25519/build/CMakeFiles/CMakeTmp/CMAKE_TRY_COMPILE.build/Debug-iphoneos/cmTC_7668e.build/Objects-normal/arm64/cmTC_7668e.LinkFileList

CompileC CMAKE_TRY_COMPILE.build/Debug-iphoneos/cmTC_7668e.build/Objects-normal/arm64/CMakeCCompilerABI.o /usr/local/Cellar/cmake/3.15.4/share/cmake/Modules/CMakeCCompilerABI.c normal arm64 c com.apple.compilers.llvm.clang.1_0.compiler
    cd /Users/russel/Documents/Projects/Soramitsu/parity/libraries/ed25519-build/ed25519/build/CMakeFiles/CMakeTmp
    /Applications/Xcode.app/Contents/Developer/Toolchains/XcodeDefault.xctoolchain/usr/bin/clang -x c -target arm64-apple-ios9.0 -fmessage-length=0 -fdiagnostics-show-note-include-stack -fmacro-backtrace-limit=0 -Wno-trigraphs -fpascal-strings -O0 -Wno-missing-field-initializers -Wno-missing-prototypes -Wno-return-type -Wno-missing-braces -Wparentheses -Wswitch -Wno-unused-function -Wno-unused-label -Wno-unused-parameter -Wno-unused-variable -Wunused-value -Wno-empty-body -Wno-uninitialized -Wno-unknown-pragmas -Wno-shadow -Wno-four-char-constants -Wno-conversion -Wno-constant-conversion -Wno-int-conversion -Wno-bool-conversion -Wno-enum-conversion -Wno-float-conversion -Wno-non-literal-null-conversion -Wno-objc-literal-conversion -Wshorten-64-to-32 -Wpointer-sign -Wno-newline-eof -DCMAKE_INTDIR=\"Debug-iphoneos\" -isysroot /Applications/Xcode.app/Contents/Developer/Platforms/iPhoneOS.platform/Developer/SDKs/iPhoneOS13.5.sdk -fstrict-aliasing -Wdeprecated-declarations -g -Wno-sign-conversion -Wno-infinite-recursion -Wno-comma -Wno-block-capture-autoreleasing -Wno-strict-prototypes -Wno-semicolon-before-method-body -fembed-bitcode -I/Users/russel/Documents/Projects/Soramitsu/parity/libraries/ed25519-build/ed25519/build/CMakeFiles/CMakeTmp/Debug/include -I/Users/russel/Documents/Projects/Soramitsu/parity/libraries/ed25519-build/ed25519/build/CMakeFiles/CMakeTmp/CMAKE_TRY_COMPILE.build/Debug-iphoneos/cmTC_7668e.build/DerivedSources-normal/arm64 -I/Users/russel/Documents/Projects/Soramitsu/parity/libraries/ed25519-build/ed25519/build/CMakeFiles/CMakeTmp/CMAKE_TRY_COMPILE.build/Debug-iphoneos/cmTC_7668e.build/DerivedSources/arm64 -I/Users/russel/Documents/Projects/Soramitsu/parity/libraries/ed25519-build/ed25519/build/CMakeFiles/CMakeTmp/CMAKE_TRY_COMPILE.build/Debug-iphoneos/cmTC_7668e.build/DerivedSources -Wmost -Wno-four-char-constants -Wno-unknown-pragmas -F/Users/russel/Documents/Projects/Soramitsu/parity/libraries/ed25519-build/ed25519/build/CMakeFiles/CMakeTmp/Debug -v -Wl,-v -MMD -MT dependencies -MF /Users/russel/Documents/Projects/Soramitsu/parity/libraries/ed25519-build/ed25519/build/CMakeFiles/CMakeTmp/CMAKE_TRY_COMPILE.build/Debug-iphoneos/cmTC_7668e.build/Objects-normal/arm64/CMakeCCompilerABI.d --serialize-diagnostics /Users/russel/Documents/Projects/Soramitsu/parity/libraries/ed25519-build/ed25519/build/CMakeFiles/CMakeTmp/CMAKE_TRY_COMPILE.build/Debug-iphoneos/cmTC_7668e.build/Objects-normal/arm64/CMakeCCompilerABI.dia -c /usr/local/Cellar/cmake/3.15.4/share/cmake/Modules/CMakeCCompilerABI.c -o /Users/russel/Documents/Projects/Soramitsu/parity/libraries/ed25519-build/ed25519/build/CMakeFiles/CMakeTmp/CMAKE_TRY_COMPILE.build/Debug-iphoneos/cmTC_7668e.build/Objects-normal/arm64/CMakeCCompilerABI.o
Apple clang version 11.0.3 (clang-1103.0.32.62)
Target: arm64-apple-ios9.0
Thread model: posix
InstalledDir: /Applications/Xcode.app/Contents/Developer/Toolchains/XcodeDefault.xctoolchain/usr/bin
clang: warning: -Wl,-v: 'linker' input unused [-Wunused-command-line-argument]
 "/Applications/Xcode.app/Contents/Developer/Toolchains/XcodeDefault.xctoolchain/usr/bin/clang" -cc1 -triple arm64-apple-ios9.0.0 -Wdeprecated-objc-isa-usage -Werror=deprecated-objc-isa-usage -Werror=implicit-function-declaration -emit-llvm-bc -disable-free -disable-llvm-verifier -discard-value-names -main-file-name CMakeCCompilerABI.c -mrelocation-model pic -pic-level 2 -mthread-model posix -mframe-pointer=all -fno-strict-return -masm-verbose -munwind-tables -faligned-alloc-unavailable -target-sdk-version=13.5 -target-cpu cyclone -target-feature +fp-armv8 -target-feature +neon -target-feature +crypto -target-feature +zcm -target-feature +zcz -target-feature +sha2 -target-feature +aes -target-abi darwinpcs -fallow-half-arguments-and-returns -dwarf-column-info -debug-info-kind=standalone -dwarf-version=4 -debugger-tuning=lldb -target-linker-version 556.6 -v -coverage-notes-file /Users/russel/Documents/Projects/Soramitsu/parity/libraries/ed25519-build/ed25519/build/CMakeFiles/CMakeTmp/CMAKE_TRY_COMPILE.build/Debug-iphoneos/cmTC_7668e.build/Objects-normal/arm64/CMakeCCompilerABI.gcno -resource-dir /Applications/Xcode.app/Contents/Developer/Toolchains/XcodeDefault.xctoolchain/usr/lib/clang/11.0.3 -dependency-file /Users/russel/Documents/Projects/Soramitsu/parity/libraries/ed25519-build/ed25519/build/CMakeFiles/CMakeTmp/CMAKE_TRY_COMPILE.build/Debug-iphoneos/cmTC_7668e.build/Objects-normal/arm64/CMakeCCompilerABI.d -skip-unused-modulemap-deps -MT dependencies -isysroot /Applications/Xcode.app/Contents/Developer/Platforms/iPhoneOS.platform/Developer/SDKs/iPhoneOS13.5.sdk -D "CMAKE_INTDIR=\"Debug-iphoneos\"" -I /Users/russel/Documents/Projects/Soramitsu/parity/libraries/ed25519-build/ed25519/build/CMakeFiles/CMakeTmp/Debug/include -I /Users/russel/Documents/Projects/Soramitsu/parity/libraries/ed25519-build/ed25519/build/CMakeFiles/CMakeTmp/CMAKE_TRY_COMPILE.build/Debug-iphoneos/cmTC_7668e.build/DerivedSources-normal/arm64 -I /Users/russel/Documents/Projects/Soramitsu/parity/libraries/ed25519-build/ed25519/build/CMakeFiles/CMakeTmp/CMAKE_TRY_COMPILE.build/Debug-iphoneos/cmTC_7668e.build/DerivedSources/arm64 -I /Users/russel/Documents/Projects/Soramitsu/parity/libraries/ed25519-build/ed25519/build/CMakeFiles/CMakeTmp/CMAKE_TRY_COMPILE.build/Debug-iphoneos/cmTC_7668e.build/DerivedSources -F/Users/russel/Documents/Projects/Soramitsu/parity/libraries/ed25519-build/ed25519/build/CMakeFiles/CMakeTmp/Debug -internal-isystem /Applications/Xcode.app/Contents/Developer/Platforms/iPhoneOS.platform/Developer/SDKs/iPhoneOS13.5.sdk/usr/local/include -internal-isystem /Applications/Xcode.app/Contents/Developer/Toolchains/XcodeDefault.xctoolchain/usr/lib/clang/11.0.3/include -internal-externc-isystem /Applications/Xcode.app/Contents/Developer/Platforms/iPhoneOS.platform/Developer/SDKs/iPhoneOS13.5.sdk/usr/include -internal-externc-isystem /Applications/Xcode.app/Contents/Developer/Toolchains/XcodeDefault.xctoolchain/usr/include -O0 -Wno-trigraphs -Wno-missing-field-initializers -Wno-missing-prototypes -Wno-return-type -Wno-missing-braces -Wparentheses -Wswitch -Wno-unused-function -Wno-unused-label -Wno-unused-parameter -Wno-unused-variable -Wunused-value -Wno-empty-body -Wno-uninitialized -Wno-unknown-pragmas -Wno-shadow -Wno-four-char-constants -Wno-conversion -Wno-constant-conversion -Wno-int-conversion -Wno-bool-conversion -Wno-enum-conversion -Wno-float-conversion -Wno-non-literal-null-conversion -Wno-objc-literal-conversion -Wshorten-64-to-32 -Wpointer-sign -Wno-newline-eof -Wdeprecated-declarations -Wno-sign-conversion -Wno-infinite-recursion -Wno-comma -Wno-block-capture-autoreleasing -Wno-strict-prototypes -Wno-semicolon-before-method-body -Wmost -Wno-four-char-constants -Wno-unknown-pragmas -Wno-objc-signed-char-bool-implicit-int-conversion -Wno-extra-semi-stmt -Wno-quoted-include-in-framework-header -fdebug-compilation-dir /Users/russel/Documents/Projects/Soramitsu/parity/libraries/ed25519-build/ed25519/build/CMakeFiles/CMakeTmp -ferror-limit 19 -fmacro-backtrace-limit 0 -fmessage-length 0 -stack-protector 1 -mdarwin-stkchk-strong-link -fblocks -fencode-extended-block-signature -fregister-global-dtors-with-atexit -fobjc-runtime=ios-9.0.0 -fpascal-strings -fmax-type-align=16 -fdiagnostics-show-option -fdiagnostics-show-note-include-stack -serialize-diagnostic-file /Users/russel/Documents/Projects/Soramitsu/parity/libraries/ed25519-build/ed25519/build/CMakeFiles/CMakeTmp/CMAKE_TRY_COMPILE.build/Debug-iphoneos/cmTC_7668e.build/Objects-normal/arm64/CMakeCCompilerABI.dia -o /var/folders/lx/r8cqj5t902ngtjc67b4pdrs40000gp/T/CMakeCCompilerABI-587645.bc -x c /usr/local/Cellar/cmake/3.15.4/share/cmake/Modules/CMakeCCompilerABI.c
clang -cc1 version 11.0.3 (clang-1103.0.32.62) default target x86_64-apple-darwin19.4.0
ignoring nonexistent directory "/Users/russel/Documents/Projects/Soramitsu/parity/libraries/ed25519-build/ed25519/build/CMakeFiles/CMakeTmp/Debug/include"
ignoring nonexistent directory "/Users/russel/Documents/Projects/Soramitsu/parity/libraries/ed25519-build/ed25519/build/CMakeFiles/CMakeTmp/CMAKE_TRY_COMPILE.build/Debug-iphoneos/cmTC_7668e.build/DerivedSources-normal/arm64"
ignoring nonexistent directory "/Users/russel/Documents/Projects/Soramitsu/parity/libraries/ed25519-build/ed25519/build/CMakeFiles/CMakeTmp/CMAKE_TRY_COMPILE.build/Debug-iphoneos/cmTC_7668e.build/DerivedSources/arm64"
ignoring nonexistent directory "/Users/russel/Documents/Projects/Soramitsu/parity/libraries/ed25519-build/ed25519/build/CMakeFiles/CMakeTmp/CMAKE_TRY_COMPILE.build/Debug-iphoneos/cmTC_7668e.build/DerivedSources"
ignoring nonexistent directory "/Users/russel/Documents/Projects/Soramitsu/parity/libraries/ed25519-build/ed25519/build/CMakeFiles/CMakeTmp/Debug"
ignoring nonexistent directory "/Applications/Xcode.app/Contents/Developer/Platforms/iPhoneOS.platform/Developer/SDKs/iPhoneOS13.5.sdk/usr/local/include"
ignoring nonexistent directory "/Applications/Xcode.app/Contents/Developer/Platforms/iPhoneOS.platform/Developer/SDKs/iPhoneOS13.5.sdk/Library/Frameworks"
#include "..." search starts here:
#include <...> search starts here:
 /Applications/Xcode.app/Contents/Developer/Toolchains/XcodeDefault.xctoolchain/usr/lib/clang/11.0.3/include
 /Applications/Xcode.app/Contents/Developer/Platforms/iPhoneOS.platform/Developer/SDKs/iPhoneOS13.5.sdk/usr/include
 /Applications/Xcode.app/Contents/Developer/Toolchains/XcodeDefault.xctoolchain/usr/include
 /Applications/Xcode.app/Contents/Developer/Platforms/iPhoneOS.platform/Developer/SDKs/iPhoneOS13.5.sdk/System/Library/Frameworks (framework directory)
End of search list.
 "/Applications/Xcode.app/Contents/Developer/Toolchains/XcodeDefault.xctoolchain/usr/bin/clang" -cc1 -triple arm64-apple-ios9.0.0 -Wdeprecated-objc-isa-usage -Werror=deprecated-objc-isa-usage -Werror=implicit-function-declaration -emit-obj -fembed-bitcode=all -fembed-bitcode=all -disable-llvm-passes -faligned-alloc-unavailable -target-sdk-version=13.5 -target-abi darwinpcs -O0 -o /Users/russel/Documents/Projects/Soramitsu/parity/libraries/ed25519-build/ed25519/build/CMakeFiles/CMakeTmp/CMAKE_TRY_COMPILE.build/Debug-iphoneos/cmTC_7668e.build/Objects-normal/arm64/CMakeCCompilerABI.o -x ir /var/folders/lx/r8cqj5t902ngtjc67b4pdrs40000gp/T/CMakeCCompilerABI-587645.bc

Libtool Debug/libcmTC_7668e.a normal arm64
    cd /Users/russel/Documents/Projects/Soramitsu/parity/libraries/ed25519-build/ed25519/build/CMakeFiles/CMakeTmp
    /Applications/Xcode.app/Contents/Developer/Toolchains/XcodeDefault.xctoolchain/usr/bin/libtool -static -arch_only arm64 -D -syslibroot /Applications/Xcode.app/Contents/Developer/Platforms/iPhoneOS.platform/Developer/SDKs/iPhoneOS13.5.sdk -L/Users/russel/Documents/Projects/Soramitsu/parity/libraries/ed25519-build/ed25519/build/CMakeFiles/CMakeTmp/Debug -filelist /Users/russel/Documents/Projects/Soramitsu/parity/libraries/ed25519-build/ed25519/build/CMakeFiles/CMakeTmp/CMAKE_TRY_COMPILE.build/Debug-iphoneos/cmTC_7668e.build/Objects-normal/arm64/cmTC_7668e.LinkFileList -o /Users/russel/Documents/Projects/Soramitsu/parity/libraries/ed25519-build/ed25519/build/CMakeFiles/CMakeTmp/Debug/libcmTC_7668e.a

** BUILD SUCCEEDED **




Parsed C implicit include dir info from above output: rv=done
  found start of include info
  found start of implicit include info
    add: [/Applications/Xcode.app/Contents/Developer/Toolchains/XcodeDefault.xctoolchain/usr/lib/clang/11.0.3/include]
    add: [/Applications/Xcode.app/Contents/Developer/Platforms/iPhoneOS.platform/Developer/SDKs/iPhoneOS13.5.sdk/usr/include]
    add: [/Applications/Xcode.app/Contents/Developer/Toolchains/XcodeDefault.xctoolchain/usr/include]
  end of search list found
  collapse include dir [/Applications/Xcode.app/Contents/Developer/Toolchains/XcodeDefault.xctoolchain/usr/lib/clang/11.0.3/include] ==> [/Applications/Xcode.app/Contents/Developer/Toolchains/XcodeDefault.xctoolchain/usr/lib/clang/11.0.3/include]
  collapse include dir [/Applications/Xcode.app/Contents/Developer/Platforms/iPhoneOS.platform/Developer/SDKs/iPhoneOS13.5.sdk/usr/include] ==> [/Applications/Xcode.app/Contents/Developer/Platforms/iPhoneOS.platform/Developer/SDKs/iPhoneOS13.5.sdk/usr/include]
  collapse include dir [/Applications/Xcode.app/Contents/Developer/Toolchains/XcodeDefault.xctoolchain/usr/include] ==> [/Applications/Xcode.app/Contents/Developer/Toolchains/XcodeDefault.xctoolchain/usr/include]
  implicit include dirs: [/Applications/Xcode.app/Contents/Developer/Toolchains/XcodeDefault.xctoolchain/usr/lib/clang/11.0.3/include;/Applications/Xcode.app/Contents/Developer/Platforms/iPhoneOS.platform/Developer/SDKs/iPhoneOS13.5.sdk/usr/include;/Applications/Xcode.app/Contents/Developer/Toolchains/XcodeDefault.xctoolchain/usr/include]


Parsed C implicit link information from above output:
  link line regex: [^( *|.*[/\])(ld|CMAKE_LINK_STARTFILE-NOTFOUND|([^/\]+-)?ld|collect2)[^/\]*( |$)]
  ignore line: [Change Dir: /Users/russel/Documents/Projects/Soramitsu/parity/libraries/ed25519-build/ed25519/build/CMakeFiles/CMakeTmp]
  ignore line: []
  ignore line: [Run Build Command(s):/usr/bin/xcodebuild -project CMAKE_TRY_COMPILE.xcodeproj build -target cmTC_7668e -configuration Debug -hideShellScriptEnvironment && Command line invocation:]
  ignore line: [    /Applications/Xcode.app/Contents/Developer/usr/bin/xcodebuild -project CMAKE_TRY_COMPILE.xcodeproj build -target cmTC_7668e -configuration Debug -hideShellScriptEnvironment]
  ignore line: []
  ignore line: [User defaults from command line:]
  ignore line: [    HideShellScriptEnvironment = YES]
  ignore line: []
  ignore line: [Prepare build]
  ignore line: [note: Using legacy build system]
  ignore line: [=== BUILD TARGET cmTC_7668e OF PROJECT CMAKE_TRY_COMPILE WITH CONFIGURATION Debug ===]
  ignore line: []
  ignore line: [Check dependencies]
  ignore line: []
  ignore line: [Write auxiliary files]
  ignore line: [/bin/mkdir -p /Users/russel/Documents/Projects/Soramitsu/parity/libraries/ed25519-build/ed25519/build/CMakeFiles/CMakeTmp/CMAKE_TRY_COMPILE.build/Debug-iphoneos/cmTC_7668e.build/Objects-normal/arm64]
  ignore line: [write-file /Users/russel/Documents/Projects/Soramitsu/parity/libraries/ed25519-build/ed25519/build/CMakeFiles/CMakeTmp/CMAKE_TRY_COMPILE.build/Debug-iphoneos/cmTC_7668e.build/Objects-normal/arm64/cmTC_7668e.LinkFileList]
  ignore line: []
  ignore line: [CompileC CMAKE_TRY_COMPILE.build/Debug-iphoneos/cmTC_7668e.build/Objects-normal/arm64/CMakeCCompilerABI.o /usr/local/Cellar/cmake/3.15.4/share/cmake/Modules/CMakeCCompilerABI.c normal arm64 c com.apple.compilers.llvm.clang.1_0.compiler]
  ignore line: [    cd /Users/russel/Documents/Projects/Soramitsu/parity/libraries/ed25519-build/ed25519/build/CMakeFiles/CMakeTmp]
  ignore line: [    /Applications/Xcode.app/Contents/Developer/Toolchains/XcodeDefault.xctoolchain/usr/bin/clang -x c -target arm64-apple-ios9.0 -fmessage-length=0 -fdiagnostics-show-note-include-stack -fmacro-backtrace-limit=0 -Wno-trigraphs -fpascal-strings -O0 -Wno-missing-field-initializers -Wno-missing-prototypes -Wno-return-type -Wno-missing-braces -Wparentheses -Wswitch -Wno-unused-function -Wno-unused-label -Wno-unused-parameter -Wno-unused-variable -Wunused-value -Wno-empty-body -Wno-uninitialized -Wno-unknown-pragmas -Wno-shadow -Wno-four-char-constants -Wno-conversion -Wno-constant-conversion -Wno-int-conversion -Wno-bool-conversion -Wno-enum-conversion -Wno-float-conversion -Wno-non-literal-null-conversion -Wno-objc-literal-conversion -Wshorten-64-to-32 -Wpointer-sign -Wno-newline-eof -DCMAKE_INTDIR=\"Debug-iphoneos\" -isysroot /Applications/Xcode.app/Contents/Developer/Platforms/iPhoneOS.platform/Developer/SDKs/iPhoneOS13.5.sdk -fstrict-aliasing -Wdeprecated-declarations -g -Wno-sign-conversion -Wno-infinite-recursion -Wno-comma -Wno-block-capture-autoreleasing -Wno-strict-prototypes -Wno-semicolon-before-method-body -fembed-bitcode -I/Users/russel/Documents/Projects/Soramitsu/parity/libraries/ed25519-build/ed25519/build/CMakeFiles/CMakeTmp/Debug/include -I/Users/russel/Documents/Projects/Soramitsu/parity/libraries/ed25519-build/ed25519/build/CMakeFiles/CMakeTmp/CMAKE_TRY_COMPILE.build/Debug-iphoneos/cmTC_7668e.build/DerivedSources-normal/arm64 -I/Users/russel/Documents/Projects/Soramitsu/parity/libraries/ed25519-build/ed25519/build/CMakeFiles/CMakeTmp/CMAKE_TRY_COMPILE.build/Debug-iphoneos/cmTC_7668e.build/DerivedSources/arm64 -I/Users/russel/Documents/Projects/Soramitsu/parity/libraries/ed25519-build/ed25519/build/CMakeFiles/CMakeTmp/CMAKE_TRY_COMPILE.build/Debug-iphoneos/cmTC_7668e.build/DerivedSources -Wmost -Wno-four-char-constants -Wno-unknown-pragmas -F/Users/russel/Documents/Projects/Soramitsu/parity/libraries/ed25519-build/ed25519/build/CMakeFiles/CMakeTmp/Debug -v -Wl,-v -MMD -MT dependencies -MF /Users/russel/Documents/Projects/Soramitsu/parity/libraries/ed25519-build/ed25519/build/CMakeFiles/CMakeTmp/CMAKE_TRY_COMPILE.build/Debug-iphoneos/cmTC_7668e.build/Objects-normal/arm64/CMakeCCompilerABI.d --serialize-diagnostics /Users/russel/Documents/Projects/Soramitsu/parity/libraries/ed25519-build/ed25519/build/CMakeFiles/CMakeTmp/CMAKE_TRY_COMPILE.build/Debug-iphoneos/cmTC_7668e.build/Objects-normal/arm64/CMakeCCompilerABI.dia -c /usr/local/Cellar/cmake/3.15.4/share/cmake/Modules/CMakeCCompilerABI.c -o /Users/russel/Documents/Projects/Soramitsu/parity/libraries/ed25519-build/ed25519/build/CMakeFiles/CMakeTmp/CMAKE_TRY_COMPILE.build/Debug-iphoneos/cmTC_7668e.build/Objects-normal/arm64/CMakeCCompilerABI.o]
  ignore line: [Apple clang version 11.0.3 (clang-1103.0.32.62)]
  ignore line: [Target: arm64-apple-ios9.0]
  ignore line: [Thread model: posix]
  ignore line: [InstalledDir: /Applications/Xcode.app/Contents/Developer/Toolchains/XcodeDefault.xctoolchain/usr/bin]
  ignore line: [clang: warning: -Wl,-v: 'linker' input unused [-Wunused-command-line-argument]]
  ignore line: [ "/Applications/Xcode.app/Contents/Developer/Toolchains/XcodeDefault.xctoolchain/usr/bin/clang" -cc1 -triple arm64-apple-ios9.0.0 -Wdeprecated-objc-isa-usage -Werror=deprecated-objc-isa-usage -Werror=implicit-function-declaration -emit-llvm-bc -disable-free -disable-llvm-verifier -discard-value-names -main-file-name CMakeCCompilerABI.c -mrelocation-model pic -pic-level 2 -mthread-model posix -mframe-pointer=all -fno-strict-return -masm-verbose -munwind-tables -faligned-alloc-unavailable -target-sdk-version=13.5 -target-cpu cyclone -target-feature +fp-armv8 -target-feature +neon -target-feature +crypto -target-feature +zcm -target-feature +zcz -target-feature +sha2 -target-feature +aes -target-abi darwinpcs -fallow-half-arguments-and-returns -dwarf-column-info -debug-info-kind=standalone -dwarf-version=4 -debugger-tuning=lldb -target-linker-version 556.6 -v -coverage-notes-file /Users/russel/Documents/Projects/Soramitsu/parity/libraries/ed25519-build/ed25519/build/CMakeFiles/CMakeTmp/CMAKE_TRY_COMPILE.build/Debug-iphoneos/cmTC_7668e.build/Objects-normal/arm64/CMakeCCompilerABI.gcno -resource-dir /Applications/Xcode.app/Contents/Developer/Toolchains/XcodeDefault.xctoolchain/usr/lib/clang/11.0.3 -dependency-file /Users/russel/Documents/Projects/Soramitsu/parity/libraries/ed25519-build/ed25519/build/CMakeFiles/CMakeTmp/CMAKE_TRY_COMPILE.build/Debug-iphoneos/cmTC_7668e.build/Objects-normal/arm64/CMakeCCompilerABI.d -skip-unused-modulemap-deps -MT dependencies -isysroot /Applications/Xcode.app/Contents/Developer/Platforms/iPhoneOS.platform/Developer/SDKs/iPhoneOS13.5.sdk -D "CMAKE_INTDIR=\"Debug-iphoneos\"" -I /Users/russel/Documents/Projects/Soramitsu/parity/libraries/ed25519-build/ed25519/build/CMakeFiles/CMakeTmp/Debug/include -I /Users/russel/Documents/Projects/Soramitsu/parity/libraries/ed25519-build/ed25519/build/CMakeFiles/CMakeTmp/CMAKE_TRY_COMPILE.build/Debug-iphoneos/cmTC_7668e.build/DerivedSources-normal/arm64 -I /Users/russel/Documents/Projects/Soramitsu/parity/libraries/ed25519-build/ed25519/build/CMakeFiles/CMakeTmp/CMAKE_TRY_COMPILE.build/Debug-iphoneos/cmTC_7668e.build/DerivedSources/arm64 -I /Users/russel/Documents/Projects/Soramitsu/parity/libraries/ed25519-build/ed25519/build/CMakeFiles/CMakeTmp/CMAKE_TRY_COMPILE.build/Debug-iphoneos/cmTC_7668e.build/DerivedSources -F/Users/russel/Documents/Projects/Soramitsu/parity/libraries/ed25519-build/ed25519/build/CMakeFiles/CMakeTmp/Debug -internal-isystem /Applications/Xcode.app/Contents/Developer/Platforms/iPhoneOS.platform/Developer/SDKs/iPhoneOS13.5.sdk/usr/local/include -internal-isystem /Applications/Xcode.app/Contents/Developer/Toolchains/XcodeDefault.xctoolchain/usr/lib/clang/11.0.3/include -internal-externc-isystem /Applications/Xcode.app/Contents/Developer/Platforms/iPhoneOS.platform/Developer/SDKs/iPhoneOS13.5.sdk/usr/include -internal-externc-isystem /Applications/Xcode.app/Contents/Developer/Toolchains/XcodeDefault.xctoolchain/usr/include -O0 -Wno-trigraphs -Wno-missing-field-initializers -Wno-missing-prototypes -Wno-return-type -Wno-missing-braces -Wparentheses -Wswitch -Wno-unused-function -Wno-unused-label -Wno-unused-parameter -Wno-unused-variable -Wunused-value -Wno-empty-body -Wno-uninitialized -Wno-unknown-pragmas -Wno-shadow -Wno-four-char-constants -Wno-conversion -Wno-constant-conversion -Wno-int-conversion -Wno-bool-conversion -Wno-enum-conversion -Wno-float-conversion -Wno-non-literal-null-conversion -Wno-objc-literal-conversion -Wshorten-64-to-32 -Wpointer-sign -Wno-newline-eof -Wdeprecated-declarations -Wno-sign-conversion -Wno-infinite-recursion -Wno-comma -Wno-block-capture-autoreleasing -Wno-strict-prototypes -Wno-semicolon-before-method-body -Wmost -Wno-four-char-constants -Wno-unknown-pragmas -Wno-objc-signed-char-bool-implicit-int-conversion -Wno-extra-semi-stmt -Wno-quoted-include-in-framework-header -fdebug-compilation-dir /Users/russel/Documents/Projects/Soramitsu/parity/libraries/ed25519-build/ed25519/build/CMakeFiles/CMakeTmp -ferror-limit 19 -fmacro-backtrace-limit 0 -fmessage-length 0 -stack-protector 1 -mdarwin-stkchk-strong-link -fblocks -fencode-extended-block-signature -fregister-global-dtors-with-atexit -fobjc-runtime=ios-9.0.0 -fpascal-strings -fmax-type-align=16 -fdiagnostics-show-option -fdiagnostics-show-note-include-stack -serialize-diagnostic-file /Users/russel/Documents/Projects/Soramitsu/parity/libraries/ed25519-build/ed25519/build/CMakeFiles/CMakeTmp/CMAKE_TRY_COMPILE.build/Debug-iphoneos/cmTC_7668e.build/Objects-normal/arm64/CMakeCCompilerABI.dia -o /var/folders/lx/r8cqj5t902ngtjc67b4pdrs40000gp/T/CMakeCCompilerABI-587645.bc -x c /usr/local/Cellar/cmake/3.15.4/share/cmake/Modules/CMakeCCompilerABI.c]
  ignore line: [clang -cc1 version 11.0.3 (clang-1103.0.32.62) default target x86_64-apple-darwin19.4.0]
  ignore line: [ignoring nonexistent directory "/Users/russel/Documents/Projects/Soramitsu/parity/libraries/ed25519-build/ed25519/build/CMakeFiles/CMakeTmp/Debug/include"]
  ignore line: [ignoring nonexistent directory "/Users/russel/Documents/Projects/Soramitsu/parity/libraries/ed25519-build/ed25519/build/CMakeFiles/CMakeTmp/CMAKE_TRY_COMPILE.build/Debug-iphoneos/cmTC_7668e.build/DerivedSources-normal/arm64"]
  ignore line: [ignoring nonexistent directory "/Users/russel/Documents/Projects/Soramitsu/parity/libraries/ed25519-build/ed25519/build/CMakeFiles/CMakeTmp/CMAKE_TRY_COMPILE.build/Debug-iphoneos/cmTC_7668e.build/DerivedSources/arm64"]
  ignore line: [ignoring nonexistent directory "/Users/russel/Documents/Projects/Soramitsu/parity/libraries/ed25519-build/ed25519/build/CMakeFiles/CMakeTmp/CMAKE_TRY_COMPILE.build/Debug-iphoneos/cmTC_7668e.build/DerivedSources"]
  ignore line: [ignoring nonexistent directory "/Users/russel/Documents/Projects/Soramitsu/parity/libraries/ed25519-build/ed25519/build/CMakeFiles/CMakeTmp/Debug"]
  ignore line: [ignoring nonexistent directory "/Applications/Xcode.app/Contents/Developer/Platforms/iPhoneOS.platform/Developer/SDKs/iPhoneOS13.5.sdk/usr/local/include"]
  ignore line: [ignoring nonexistent directory "/Applications/Xcode.app/Contents/Developer/Platforms/iPhoneOS.platform/Developer/SDKs/iPhoneOS13.5.sdk/Library/Frameworks"]
  ignore line: [#include "..." search starts here:]
  ignore line: [#include <...> search starts here:]
  ignore line: [ /Applications/Xcode.app/Contents/Developer/Toolchains/XcodeDefault.xctoolchain/usr/lib/clang/11.0.3/include]
  ignore line: [ /Applications/Xcode.app/Contents/Developer/Platforms/iPhoneOS.platform/Developer/SDKs/iPhoneOS13.5.sdk/usr/include]
  ignore line: [ /Applications/Xcode.app/Contents/Developer/Toolchains/XcodeDefault.xctoolchain/usr/include]
  ignore line: [ /Applications/Xcode.app/Contents/Developer/Platforms/iPhoneOS.platform/Developer/SDKs/iPhoneOS13.5.sdk/System/Library/Frameworks (framework directory)]
  ignore line: [End of search list.]
  ignore line: [ "/Applications/Xcode.app/Contents/Developer/Toolchains/XcodeDefault.xctoolchain/usr/bin/clang" -cc1 -triple arm64-apple-ios9.0.0 -Wdeprecated-objc-isa-usage -Werror=deprecated-objc-isa-usage -Werror=implicit-function-declaration -emit-obj -fembed-bitcode=all -fembed-bitcode=all -disable-llvm-passes -faligned-alloc-unavailable -target-sdk-version=13.5 -target-abi darwinpcs -O0 -o /Users/russel/Documents/Projects/Soramitsu/parity/libraries/ed25519-build/ed25519/build/CMakeFiles/CMakeTmp/CMAKE_TRY_COMPILE.build/Debug-iphoneos/cmTC_7668e.build/Objects-normal/arm64/CMakeCCompilerABI.o -x ir /var/folders/lx/r8cqj5t902ngtjc67b4pdrs40000gp/T/CMakeCCompilerABI-587645.bc]
  ignore line: []
  ignore line: [Libtool Debug/libcmTC_7668e.a normal arm64]
  ignore line: [    cd /Users/russel/Documents/Projects/Soramitsu/parity/libraries/ed25519-build/ed25519/build/CMakeFiles/CMakeTmp]
  ignore line: [    /Applications/Xcode.app/Contents/Developer/Toolchains/XcodeDefault.xctoolchain/usr/bin/libtool -static -arch_only arm64 -D -syslibroot /Applications/Xcode.app/Contents/Developer/Platforms/iPhoneOS.platform/Developer/SDKs/iPhoneOS13.5.sdk -L/Users/russel/Documents/Projects/Soramitsu/parity/libraries/ed25519-build/ed25519/build/CMakeFiles/CMakeTmp/Debug -filelist /Users/russel/Documents/Projects/Soramitsu/parity/libraries/ed25519-build/ed25519/build/CMakeFiles/CMakeTmp/CMAKE_TRY_COMPILE.build/Debug-iphoneos/cmTC_7668e.build/Objects-normal/arm64/cmTC_7668e.LinkFileList -o /Users/russel/Documents/Projects/Soramitsu/parity/libraries/ed25519-build/ed25519/build/CMakeFiles/CMakeTmp/Debug/libcmTC_7668e.a]
  ignore line: []
  ignore line: [** BUILD SUCCEEDED **]
  ignore line: []
  ignore line: []
  ignore line: []
  implicit libs: []
  implicit dirs: []
  implicit fwks: []


